[SYNC] Wed Mar  4 14:05:55 EST 2026
Author identity unknown

*** Please tell me who you are.

Run

  git config --global user.email "you@example.com"
  git config --global user.name "Your Name"

to set your account's default identity.
Omit --global to set the identity only in this repository.

fatal: unable to auto-detect email address (got 'u0_a510@localhost.(none)')
  ✓ Committed: AiKre8tive-Stargate (391 changes)
error: cannot pull with rebase: Your index contains uncommitted changes.
error: Please commit or stash them.
Author identity unknown

*** Please tell me who you are.

Run

  git config --global user.email "you@example.com"
  git config --global user.name "Your Name"

to set your account's default identity.
Omit --global to set the identity only in this repository.

fatal: unable to auto-detect email address (got 'u0_a510@localhost.(none)')
  ✓ Committed: AiKre8tive_Sovereign_Genesis (2265 changes)
error: cannot pull with rebase: Your index contains uncommitted changes.
error: Please commit or stash them.
Author identity unknown

*** Please tell me who you are.

Run

  git config --global user.email "you@example.com"
  git config --global user.name "Your Name"

to set your account's default identity.
Omit --global to set the identity only in this repository.

fatal: unable to auto-detect email address (got 'u0_a510@localhost.(none)')
  ✓ Committed: ai-web-extensions (10 changes)
error: cannot pull with rebase: Your index contains uncommitted changes.
error: Please commit or stash them.
Your configuration specifies to merge with the ref 'refs/heads/main'
from the remote, but no such ref was fetched.
  ⚠ Backend offline — git-only sync
[SYNC] 3 repos synced
