[2026-04-09 13:35:10] [RUN_AGENT] [earth] PID:16662 HEARTBEAT
[2026-04-09 13:35:10] [RUN_AGENT] [mercury] PID:16664 HEARTBEAT
[2026-04-09 13:35:10] [RUN_AGENT] [venus] PID:16665 HEARTBEAT
[2026-04-09 13:35:10] [RUN_AGENT] [mars] PID:16670 HEARTBEAT
[2026-04-09 13:35:10] [RUN_AGENT] [jupiter] PID:16680 HEARTBEAT
[2026-04-09 13:35:10] [earth] HEARTBEAT
[2026-04-09 13:35:10] [RUN_AGENT] [saturn] PID:16681 HEARTBEAT
[2026-04-09 13:35:10] [RUN_AGENT] [uranus] PID:16683 HEARTBEAT
[2026-04-09 13:35:10] [mercury] HEARTBEAT
[2026-04-09 13:35:10] [RUN_AGENT] [neptune] PID:16688 HEARTBEAT
[2026-04-09 13:35:10] [mars] HEARTBEAT
[2026-04-09 13:35:10] [RUN_AGENT] [pluto] PID:16694 HEARTBEAT
[2026-04-09 13:35:10] [venus] HEARTBEAT
[2026-04-09 13:35:10] [RUN_AGENT] [luna] PID:16699 HEARTBEAT
[2026-04-09 13:35:10] [RUN_AGENT] [sol] PID:16702 HEARTBEAT
[2026-04-09 13:35:10] [RUN_AGENT] [sirius] PID:16704 HEARTBEAT
[2026-04-09 13:35:10] [RUN_AGENT] [vega] PID:16706 HEARTBEAT
[2026-04-09 13:35:10] [RUN_AGENT] [rigel] PID:16709 HEARTBEAT
[2026-04-09 13:35:10] [RUN_AGENT] [pleiades] PID:16710 HEARTBEAT
[2026-04-09 13:35:10] [RUN_AGENT] [orion] PID:16711 HEARTBEAT
[2026-04-09 13:35:10] [neptune] HEARTBEAT
[2026-04-09 13:35:10] [RUN_AGENT] [hydra] PID:16713 HEARTBEAT
[2026-04-09 13:35:10] [RUN_AGENT] [lyra] PID:16716 HEARTBEAT
[2026-04-09 13:35:10] [luna] HEARTBEAT
[2026-04-09 13:35:10] [RUN_AGENT] [cygnus] PID:16718 HEARTBEAT
[2026-04-09 13:35:10] [sirius] HEARTBEAT
[2026-04-09 13:35:10] [orion] HEARTBEAT
[2026-04-09 13:35:10] [RUN_AGENT] [andromeda] PID:16724 HEARTBEAT
[2026-04-09 13:35:10] [RUN_AGENT] [perseus] PID:16731 HEARTBEAT
[2026-04-09 13:35:10] [jupiter] HEARTBEAT
[2026-04-09 13:35:10] [cygnus] HEARTBEAT
[2026-04-09 13:35:10] [RUN_AGENT] [cassiopeia] PID:16736 HEARTBEAT
[2026-04-09 13:35:10] [saturn] HEARTBEAT
[2026-04-09 13:35:10] [pluto] HEARTBEAT
[2026-04-09 13:35:10] [uranus] HEARTBEAT
[2026-04-09 13:35:10] [RUN_AGENT] [aquila] PID:16738 HEARTBEAT
[2026-04-09 13:35:10] [vega] HEARTBEAT
[2026-04-09 13:35:10] [andromeda] HEARTBEAT
[2026-04-09 13:35:10] [pleiades] HEARTBEAT
[2026-04-09 13:35:10] [rigel] HEARTBEAT
[2026-04-09 13:35:10] [hydra] HEARTBEAT
[2026-04-09 13:35:10] [perseus] HEARTBEAT
[2026-04-09 13:35:10] [sol] HEARTBEAT
[2026-04-09 13:35:10] [RUN_AGENT] [draco] PID:16751 HEARTBEAT
[2026-04-09 13:35:10] [aquila] HEARTBEAT
[2026-04-09 13:35:10] [RUN_AGENT] [fomalhaut] PID:16760 HEARTBEAT
[2026-04-09 13:35:10] [lyra] HEARTBEAT
[2026-04-09 13:35:10] [fomalhaut] HEARTBEAT
[2026-04-09 13:35:10] [cassiopeia] HEARTBEAT
[2026-04-09 13:35:10] [draco] HEARTBEAT
[2026-04-09 13:47:37] [RUN_AGENT] [earth] PID:5716 HEARTBEAT
[2026-04-09 13:47:37] [earth] HEARTBEAT
[2026-04-09 13:47:37] [RUN_AGENT] [mercury] PID:5823 HEARTBEAT
[2026-04-09 13:47:37] [RUN_AGENT] [venus] PID:5851 HEARTBEAT
[2026-04-09 13:47:37] [RUN_AGENT] [mars] PID:5875 HEARTBEAT
[2026-04-09 13:47:37] [RUN_AGENT] [jupiter] PID:5879 HEARTBEAT
[2026-04-09 13:47:37] [RUN_AGENT] [saturn] PID:5883 HEARTBEAT
[2026-04-09 13:47:37] [RUN_AGENT] [uranus] PID:5888 HEARTBEAT
[2026-04-09 13:47:37] [RUN_AGENT] [neptune] PID:5890 HEARTBEAT
[2026-04-09 13:47:37] [uranus] HEARTBEAT
[2026-04-09 13:47:37] [RUN_AGENT] [pluto] PID:5901 HEARTBEAT
[2026-04-09 13:47:37] [RUN_AGENT] [luna] PID:5902 HEARTBEAT
[2026-04-09 13:47:37] [RUN_AGENT] [sol] PID:5907 HEARTBEAT
[2026-04-09 13:47:37] [RUN_AGENT] [sirius] PID:5908 HEARTBEAT
[2026-04-09 13:47:37] [RUN_AGENT] [vega] PID:5913 HEARTBEAT
[2026-04-09 13:47:37] [RUN_AGENT] [rigel] PID:5926 HEARTBEAT
[2026-04-09 13:47:37] [RUN_AGENT] [pleiades] PID:5928 HEARTBEAT
[2026-04-09 13:47:37] [mercury] HEARTBEAT
[2026-04-09 13:47:37] [vega] HEARTBEAT
[2026-04-09 13:47:37] [RUN_AGENT] [orion] PID:5930 HEARTBEAT
[2026-04-09 13:47:37] [RUN_AGENT] [hydra] PID:5954 HEARTBEAT
[2026-04-09 13:47:37] [RUN_AGENT] [lyra] PID:5992 HEARTBEAT
[2026-04-09 13:47:37] [RUN_AGENT] [cygnus] PID:5995 HEARTBEAT
[2026-04-09 13:47:37] [RUN_AGENT] [andromeda] PID:6016 HEARTBEAT
[2026-04-09 13:47:37] [neptune] HEARTBEAT
[2026-04-09 13:47:37] [mars] HEARTBEAT
[2026-04-09 13:47:37] [venus] HEARTBEAT
[2026-04-09 13:47:38] [orion] HEARTBEAT
[2026-04-09 13:47:38] [pluto] HEARTBEAT
[2026-04-09 13:47:38] [pleiades] HEARTBEAT
[2026-04-09 13:47:38] [sirius] HEARTBEAT
[2026-04-09 13:47:37] [RUN_AGENT] [perseus] PID:6038 HEARTBEAT
[2026-04-09 13:47:38] [saturn] HEARTBEAT
[2026-04-09 13:47:38] [hydra] HEARTBEAT
[2026-04-09 13:47:38] [luna] HEARTBEAT
[2026-04-09 13:47:38] [sol] HEARTBEAT
[2026-04-09 13:47:38] [jupiter] HEARTBEAT
[2026-04-09 13:47:38] [rigel] HEARTBEAT
[2026-04-09 13:47:37] [RUN_AGENT] [cassiopeia] PID:6105 HEARTBEAT
[2026-04-09 13:47:37] [RUN_AGENT] [aquila] PID:6116 HEARTBEAT
[2026-04-09 13:47:38] [cygnus] HEARTBEAT
[2026-04-09 13:47:38] [perseus] HEARTBEAT
[2026-04-09 13:47:37] [RUN_AGENT] [draco] PID:6118 HEARTBEAT
[2026-04-09 13:47:38] [lyra] HEARTBEAT
[2026-04-09 13:47:37] [RUN_AGENT] [fomalhaut] PID:6131 HEARTBEAT
[2026-04-09 13:47:38] [andromeda] HEARTBEAT
[2026-04-09 13:47:38] [fomalhaut] HEARTBEAT
[2026-04-09 13:47:38] [cassiopeia] HEARTBEAT
[2026-04-09 13:47:38] [aquila] HEARTBEAT
[2026-04-09 13:47:38] [draco] HEARTBEAT
[2026-04-09 13:47:47] [earth] HEARTBEAT
[2026-04-09 13:47:47] [RUN_AGENT] [earth] PID:8865 HEARTBEAT
[2026-04-09 13:47:47] [RUN_AGENT] [mercury] PID:9003 HEARTBEAT
[2026-04-09 13:47:47] [RUN_AGENT] [venus] PID:9004 HEARTBEAT
[2026-04-09 13:47:47] [RUN_AGENT] [mars] PID:9005 HEARTBEAT
[2026-04-09 13:47:47] [RUN_AGENT] [jupiter] PID:9010 HEARTBEAT
[2026-04-09 13:47:47] [RUN_AGENT] [saturn] PID:9018 HEARTBEAT
[2026-04-09 13:47:47] [RUN_AGENT] [uranus] PID:9028 HEARTBEAT
[2026-04-09 13:47:48] [jupiter] HEARTBEAT
[2026-04-09 13:47:48] [venus] HEARTBEAT
[2026-04-09 13:47:48] [saturn] HEARTBEAT
[2026-04-09 13:47:48] [mars] HEARTBEAT
[2026-04-09 13:47:48] [mercury] HEARTBEAT
[2026-04-09 13:47:48] [uranus] HEARTBEAT
[2026-04-09 13:47:47] [RUN_AGENT] [neptune] PID:9090 HEARTBEAT
[2026-04-09 13:47:48] [neptune] HEARTBEAT
[2026-04-09 13:47:47] [RUN_AGENT] [pluto] PID:9159 HEARTBEAT
[2026-04-09 13:47:47] [RUN_AGENT] [luna] PID:9258 HEARTBEAT
[2026-04-09 13:47:48] [pluto] HEARTBEAT
[2026-04-09 13:47:47] [RUN_AGENT] [sol] PID:9268 HEARTBEAT
[2026-04-09 13:47:47] [RUN_AGENT] [sirius] PID:9299 HEARTBEAT
[2026-04-09 13:47:47] [RUN_AGENT] [vega] PID:9329 HEARTBEAT
[2026-04-09 13:47:47] [RUN_AGENT] [rigel] PID:9332 HEARTBEAT
[2026-04-09 13:47:48] [pleiades] HEARTBEAT
[2026-04-09 13:47:48] [vega] HEARTBEAT
[2026-04-09 13:47:48] [sol] HEARTBEAT
[2026-04-09 13:47:47] [RUN_AGENT] [pleiades] PID:9334 HEARTBEAT
[2026-04-09 13:47:48] [rigel] HEARTBEAT
[2026-04-09 13:47:48] [sirius] HEARTBEAT
[2026-04-09 13:47:47] [RUN_AGENT] [orion] PID:9446 HEARTBEAT
[2026-04-09 13:47:48] [luna] HEARTBEAT
[2026-04-09 13:47:47] [RUN_AGENT] [hydra] PID:9480 HEARTBEAT
[2026-04-09 13:47:47] [RUN_AGENT] [lyra] PID:9483 HEARTBEAT
[2026-04-09 13:47:47] [RUN_AGENT] [cygnus] PID:9485 HEARTBEAT
[2026-04-09 13:47:47] [RUN_AGENT] [andromeda] PID:9514 HEARTBEAT
[2026-04-09 13:47:49] [orion] HEARTBEAT
[2026-04-09 13:47:49] [cygnus] HEARTBEAT
[2026-04-09 13:47:47] [RUN_AGENT] [perseus] PID:9521 HEARTBEAT
[2026-04-09 13:47:47] [RUN_AGENT] [cassiopeia] PID:9540 HEARTBEAT
[2026-04-09 13:47:49] [lyra] HEARTBEAT
[2026-04-09 13:47:47] [RUN_AGENT] [aquila] PID:9546 HEARTBEAT
[2026-04-09 13:47:47] [RUN_AGENT] [draco] PID:9550 HEARTBEAT
[2026-04-09 13:47:47] [RUN_AGENT] [fomalhaut] PID:9554 HEARTBEAT
[2026-04-09 13:47:49] [andromeda] HEARTBEAT
[2026-04-09 13:47:49] [hydra] HEARTBEAT
[2026-04-09 13:47:49] [perseus] HEARTBEAT
[2026-04-09 13:47:49] [draco] HEARTBEAT
[2026-04-09 13:47:49] [cassiopeia] HEARTBEAT
[2026-04-09 13:47:49] [aquila] HEARTBEAT
[2026-04-09 13:47:49] [fomalhaut] HEARTBEAT
[2026-04-09 13:48:38] [earth] HEARTBEAT
[2026-04-09 13:48:38] [mercury] HEARTBEAT
[2026-04-09 13:48:38] [uranus] HEARTBEAT
[2026-04-09 13:48:38] [luna] HEARTBEAT
[2026-04-09 13:48:38] [cygnus] HEARTBEAT
[2026-04-09 13:48:38] [neptune] HEARTBEAT
[2026-04-09 13:48:38] [rigel] HEARTBEAT
[2026-04-09 13:48:38] [venus] HEARTBEAT
[2026-04-09 13:48:39] [orion] HEARTBEAT
[2026-04-09 13:48:39] [vega] HEARTBEAT
[2026-04-09 13:48:38] [pluto] HEARTBEAT
[2026-04-09 13:48:39] [hydra] HEARTBEAT
[2026-04-09 13:48:39] [sirius] HEARTBEAT
[2026-04-09 13:48:39] [lyra] HEARTBEAT
[2026-04-09 13:48:39] [pleiades] HEARTBEAT
[2026-04-09 13:48:39] [fomalhaut] HEARTBEAT
[2026-04-09 13:48:39] [andromeda] HEARTBEAT
[2026-04-09 13:48:39] [jupiter] HEARTBEAT
[2026-04-09 13:48:39] [draco] HEARTBEAT
[2026-04-09 13:48:39] [mars] HEARTBEAT
[2026-04-09 13:48:39] [saturn] HEARTBEAT
[2026-04-09 13:48:39] [sol] HEARTBEAT
[2026-04-09 13:48:39] [perseus] HEARTBEAT
[2026-04-09 13:48:39] [cassiopeia] HEARTBEAT
[2026-04-09 13:48:39] [aquila] HEARTBEAT
