[13:35:11] [Stalker] START Scanning global platforms for AI/automation contracts...
[13:35:30] [Stalker] ✅ QUEUED: [remoteok] Legal Counsel AI Trainer Freelance 8 20 hrs week a... ($2500)
[13:35:30] [Stalker] ✅ QUEUED: [remoteok] Biology AI Training Expert at Anyone AI... ($2500)
[13:35:30] [Stalker] ✅ QUEUED: [remoteok] Customer Program Manager at Nexxa.AI... ($2500)
[13:35:30] [Stalker] ✅ QUEUED: [remoteok] Senior Security Engineer Automation at MoonPay... ($2500)
[13:35:30] [Stalker] ✅ QUEUED: [remoteok] Content &amp; Training Manager at Fi... ($2500)
[13:35:31] [Stalker] ✅ QUEUED: [remoteok] Customer Service Booking Hotels We Will Train You ... ($2500)
[13:35:31] [Stalker] ✅ QUEUED: [remoteok] Customer Support Agent at ALX Africa... ($2500)
[13:35:31] [Stalker] ✅ QUEUED: [remoteok] Benefits Advisor Leadership Training Program at Fi... ($2500)
[13:35:31] [Stalker] ✅ QUEUED: [remoteok] AI Trainer at Kastle... ($2500)
[13:35:32] [Stalker] ✅ QUEUED: [remoteok] Salesforce Agentforce AI Technical Architect Manag... ($2500)
[13:35:32] [Stalker] ✅ QUEUED: [remoteok] Go To Market Strategist AI Trainer Freelance 8 20 ... ($2500)
[13:35:32] [Stalker] ✅ QUEUED: [remoteok] Migration Specialist AI Trainer Freelance 8 20 hrs... ($2500)
[13:35:32] [Stalker] ✅ QUEUED: [remoteok] AI Specialist Haitian Creole at RWS TrainAI... ($2500)
[13:35:33] [Stalker] ✅ QUEUED: [remoteok] Senior Software Engineer Ruby on Rails at Versapay... ($2500)
[13:35:33] [Stalker] ✅ QUEUED: [remoteok] AI Training for Igbo Writers at Remotasks... ($2500)
[13:35:33] [Stalker] ✅ QUEUED: [remoteok] Training & Assessment Assessor at Hunt St... ($2500)
[13:35:33] [Stalker] ✅ QUEUED: [remoteok] Associate Vice President Direct Mail Content at Mi... ($2500)
[13:35:33] [Stalker] ✅ QUEUED: [remoteok] AI Product Manager at Tether Operations Limited... ($2500)
[13:35:34] [Stalker] ✅ QUEUED: [remoteok] Real Estate Investor â Expert AI Trainer at Ment... ($2500)
[13:35:34] [Stalker] ✅ QUEUED: [remoteok] Director Asset Protection NAM Retail at ARC&#39;TE... ($2500)
[13:35:34] [Stalker] ✅ QUEUED: [remoteok] AI Specialist Liverpool English at RWS TrainAI... ($2500)
[13:35:34] [Stalker] COMPLETE Scan finished. 21 new opportunities queued.
[13:35:34] [Stalker] TRIGGER Processing new queue with Agent_Mars...
